# JRE version: OpenJDK Runtime Environment (11.0.15) (build 11.0.15+0-b2043.56-8887301)
# Java VM: OpenJDK 64-Bit Server VM (11.0.15+0-b2043.56-8887301, mixed mode, tiered, compressed oops, g1 gc, windows-amd64)
Heap:
 garbage-first heap   total 424960K, used 312611K [0x0000000080000000, 0x0000000100000000)
  region size 1024K, 17 young (17408K), 3 survivors (3072K)
 Metaspace       used 187046K, capacity 192522K, committed 192592K, reserved 1216512K
  class space    used 23551K, capacity 25583K, committed 25600K, reserved 1048576K
GC Heap History (20 events):
Event: 498.824 GC heap before
{Heap before GC invocations=224 (full 0):
 garbage-first heap   total 354304K, used 304252K [0x0000000080000000, 0x0000000100000000)
  region size 1024K, 28 young (28672K), 3 survivors (3072K)
 Metaspace       used 180114K, capacity 185215K, committed 185424K, reserved 1210368K
  class space    used 22617K, capacity 24491K, committed 24576K, reserved 1048576K
}
Event: 498.850 GC heap after
{Heap after GC invocations=225 (full 0):
 garbage-first heap   total 354304K, used 282624K [0x0000000080000000, 0x0000000100000000)
  region size 1024K, 4 young (4096K), 4 survivors (4096K)
 Metaspace       used 180114K, capacity 185215K, committed 185424K, reserved 1210368K
  class space    used 22617K, capacity 24491K, committed 24576K, reserved 1048576K
}
Event: 499.113 GC heap before
{Heap before GC invocations=225 (full 0):
 garbage-first heap   total 354304K, used 306176K [0x0000000080000000, 0x0000000100000000)
  region size 1024K, 28 young (28672K), 4 survivors (4096K)
 Metaspace       used 180558K, capacity 185721K, committed 186064K, reserved 1210368K
  class space    used 22704K, capacity 24596K, committed 24704K, reserved 1048576K
}
Event: 499.134 GC heap after
{Heap after GC invocations=226 (full 0):
 garbage-first heap   total 354304K, used 287006K [0x0000000080000000, 0x0000000100000000)
  region size 1024K, 4 young (4096K), 4 survivors (4096K)
 Metaspace       used 180558K, capacity 185721K, committed 186064K, reserved 1210368K
  class space    used 22704K, capacity 24596K, committed 24704K, reserved 1048576K
}
Event: 499.984 GC heap before
{Heap before GC invocations=227 (full 0):
 garbage-first heap   total 354304K, used 307486K [0x0000000080000000, 0x0000000100000000)
  region size 1024K, 24 young (24576K), 4 survivors (4096K)
 Metaspace       used 180976K, capacity 186146K, committed 186320K, reserved 1210368K
  class space    used 22759K, capacity 24649K, committed 24704K, reserved 1048576K
}
Event: 500.000 GC heap after
{Heap after GC invocations=228 (full 0):
 garbage-first heap   total 354304K, used 290358K [0x0000000080000000, 0x0000000100000000)
  region size 1024K, 3 young (3072K), 3 survivors (3072K)
 Metaspace       used 180976K, capacity 186146K, committed 186320K, reserved 1210368K
  class space    used 22759K, capacity 24649K, committed 24704K, reserved 1048576K
}
Event: 500.177 GC heap before
{Heap before GC invocations=228 (full 0):
 garbage-first heap   total 354304K, used 304694K [0x0000000080000000, 0x0000000100000000)
  region size 1024K, 17 young (17408K), 3 survivors (3072K)
 Metaspace       used 181231K, capacity 186363K, committed 186576K, reserved 1212416K
  class space    used 22806K, capacity 24700K, committed 24704K, reserved 1048576K
}
Event: 500.220 GC heap after
{Heap after GC invocations=229 (full 0):
 garbage-first heap   total 354304K, used 291673K [0x0000000080000000, 0x0000000100000000)
  region size 1024K, 3 young (3072K), 3 survivors (3072K)
 Metaspace       used 181231K, capacity 186363K, committed 186576K, reserved 1212416K
  class space    used 22806K, capacity 24700K, committed 24704K, reserved 1048576K
}
Event: 500.659 GC heap before
{Heap before GC invocations=229 (full 0):
 garbage-first heap   total 354304K, used 309081K [0x0000000080000000, 0x0000000100000000)
  region size 1024K, 20 young (20480K), 3 survivors (3072K)
 Metaspace       used 182070K, capacity 187257K, committed 187472K, reserved 1212416K
  class space    used 22914K, capacity 24808K, committed 24832K, reserved 1048576K
}
Event: 500.672 GC heap after
{Heap after GC invocations=230 (full 0):
 garbage-first heap   total 354304K, used 293982K [0x0000000080000000, 0x0000000100000000)
  region size 1024K, 3 young (3072K), 3 survivors (3072K)
 Metaspace       used 182070K, capacity 187257K, committed 187472K, reserved 1212416K
  class space    used 22914K, capacity 24808K, committed 24832K, reserved 1048576K
}
Event: 501.165 GC heap before
{Heap before GC invocations=230 (full 0):
 garbage-first heap   total 354304K, used 310366K [0x0000000080000000, 0x0000000100000000)
  region size 1024K, 19 young (19456K), 3 survivors (3072K)
 Metaspace       used 182474K, capacity 187674K, committed 187856K, reserved 1212416K
  class space    used 23003K, capacity 24925K, committed 24960K, reserved 1048576K
}
Event: 501.179 GC heap after
{Heap after GC invocations=231 (full 0):
 garbage-first heap   total 354304K, used 296249K [0x0000000080000000, 0x0000000100000000)
  region size 1024K, 3 young (3072K), 3 survivors (3072K)
 Metaspace       used 182474K, capacity 187674K, committed 187856K, reserved 1212416K
  class space    used 23003K, capacity 24925K, committed 24960K, reserved 1048576K
}
Event: 501.712 GC heap before
{Heap before GC invocations=231 (full 0):
 garbage-first heap   total 354304K, used 311609K [0x0000000080000000, 0x0000000100000000)
  region size 1024K, 18 young (18432K), 3 survivors (3072K)
 Metaspace       used 182938K, capacity 188127K, committed 188240K, reserved 1212416K
  class space    used 23079K, capacity 24990K, committed 25088K, reserved 1048576K
}
Event: 501.738 GC heap after
{Heap after GC invocations=232 (full 0):
 garbage-first heap   total 354304K, used 298406K [0x0000000080000000, 0x0000000100000000)
  region size 1024K, 3 young (3072K), 3 survivors (3072K)
 Metaspace       used 182938K, capacity 188127K, committed 188240K, reserved 1212416K
  class space    used 23079K, capacity 24990K, committed 25088K, reserved 1048576K
}
Event: 502.639 GC heap before
{Heap before GC invocations=233 (full 0):
 garbage-first heap   total 354304K, used 311718K [0x0000000080000000, 0x0000000100000000)
  region size 1024K, 17 young (17408K), 3 survivors (3072K)
 Metaspace       used 184410K, capacity 189684K, committed 190032K, reserved 1214464K
  class space    used 23268K, capacity 25248K, committed 25344K, reserved 1048576K
}
Event: 502.662 GC heap after
{Heap after GC invocations=234 (full 0):
 garbage-first heap   total 354304K, used 299107K [0x0000000080000000, 0x0000000100000000)
  region size 1024K, 1 young (1024K), 1 survivors (1024K)
 Metaspace       used 184410K, capacity 189684K, committed 190032K, reserved 1214464K
  class space    used 23268K, capacity 25248K, committed 25344K, reserved 1048576K
}
Event: 503.251 GC heap before
{Heap before GC invocations=234 (full 0):
 garbage-first heap   total 354304K, used 315491K [0x0000000080000000, 0x0000000100000000)
  region size 1024K, 17 young (17408K), 1 survivors (1024K)
 Metaspace       used 185487K, capacity 190867K, committed 191184K, reserved 1214464K
  class space    used 23407K, capacity 25399K, committed 25472K, reserved 1048576K
}
Event: 503.279 GC heap after
{Heap after GC invocations=235 (full 0):
 garbage-first heap   total 424960K, used 297799K [0x0000000080000000, 0x0000000100000000)
  region size 1024K, 1 young (1024K), 1 survivors (1024K)
 Metaspace       used 185487K, capacity 190867K, committed 191184K, reserved 1214464K
  class space    used 23407K, capacity 25399K, committed 25472K, reserved 1048576K
}
Event: 504.890 GC heap before
{Heap before GC invocations=235 (full 0):
 garbage-first heap   total 424960K, used 347975K [0x0000000080000000, 0x0000000100000000)
  region size 1024K, 50 young (51200K), 1 survivors (1024K)
 Metaspace       used 187003K, capacity 192427K, committed 192592K, reserved 1216512K
  class space    used 23546K, capacity 25573K, committed 25600K, reserved 1048576K
}
Event: 504.905 GC heap after
{Heap after GC invocations=236 (full 0):
 garbage-first heap   total 424960K, used 299299K [0x0000000080000000, 0x0000000100000000)
  region size 1024K, 3 young (3072K), 3 survivors (3072K)
 Metaspace       used 187003K, capacity 192427K, committed 192592K, reserved 1216512K
  class space    used 23546K, capacity 25573K, committed 25600K, reserved 1048576K
}

